<?xml version="1.0" encoding="utf-8"?><testsuites name="pytest tests"><testsuite name="pytest" errors="0" failures="0" skipped="0" tests="37" time="15.809" timestamp="2026-06-15T01:55:00.720690+00:00" hostname="agent-env-38d418db-2483-443d-9e54-09388d05b5b3"><testcase classname="backend.tests.test_chomp_champs.TestHealth" name="test_root" time="0.202" /><testcase classname="backend.tests.test_chomp_champs.TestContests" name="test_list_contests" time="0.042" /><testcase classname="backend.tests.test_chomp_champs.TestPlayer" name="test_create_player_defaults" time="0.054" /><testcase classname="backend.tests.test_chomp_champs.TestPlayer" name="test_get_player_persistence" time="0.068" /><testcase classname="backend.tests.test_chomp_champs.TestPlayer" name="test_patch_player" time="0.054" /><testcase classname="backend.tests.test_chomp_champs.TestMatchFlow" name="test_match_start_success" time="0.063" /><testcase classname="backend.tests.test_chomp_champs.TestMatchFlow" name="test_match_start_insufficient_coins" time="0.310" /><testcase classname="backend.tests.test_chomp_champs.TestMatchFlow" name="test_match_start_invalid_contest" time="0.044" /><testcase classname="backend.tests.test_chomp_champs.TestMatchFlow" name="test_match_result_win" time="0.133" /><testcase classname="backend.tests.test_chomp_champs.TestMatchFlow" name="test_match_result_loss" time="0.046" /><testcase classname="backend.tests.test_chomp_champs.TestLeaderboard" name="test_leaderboard" time="0.043" /><testcase classname="backend.tests.test_chomp_champs.TestShop" name="test_list_shop" time="0.041" /><testcase classname="backend.tests.test_chomp_champs.TestShop" name="test_purchase_tums" time="0.092" /><testcase classname="backend.tests.test_chomp_champs.TestShop" name="test_purchase_coins_pack_mocked" time="0.091" /><testcase classname="backend.tests.test_chomp_champs.TestShop" name="test_purchase_invalid" time="0.043" /><testcase classname="backend.tests.test_chomp_champs.TestShop" name="test_purchase_tums_insufficient" time="0.092" /><testcase classname="backend.tests.test_chomp_champs.TestTrashTalk" name="test_trashtalk_events[start]" time="3.536" /><testcase classname="backend.tests.test_chomp_champs.TestTrashTalk" name="test_trashtalk_events[midmatch_ahead]" time="1.652" /><testcase classname="backend.tests.test_chomp_champs.TestTrashTalk" name="test_trashtalk_events[midmatch_behind]" time="3.775" /><testcase classname="backend.tests.test_chomp_champs.TestTrashTalk" name="test_trashtalk_events[win]" time="1.429" /><testcase classname="backend.tests.test_chomp_champs.TestTrashTalk" name="test_trashtalk_events[lose]" time="1.752" /><testcase classname="backend.tests.test_new_features.TestBiteMechanic" name="test_contests_have_bite_mechanic" time="0.149" /><testcase classname="backend.tests.test_new_features.TestBiteMechanic" name="test_specific_mechanic_mapping" time="0.039" /><testcase classname="backend.tests.test_new_features.TestTournament" name="test_tournament_shape" time="0.040" /><testcase classname="backend.tests.test_new_features.TestDaily" name="test_status_new_player" time="0.083" /><testcase classname="backend.tests.test_new_features.TestDaily" name="test_claim_grants_day1" time="0.127" /><testcase classname="backend.tests.test_new_features.TestDaily" name="test_claim_twice_same_day_fails" time="0.165" /><testcase classname="backend.tests.test_new_features.TestGearShop" name="test_shop_includes_gear" time="0.042" /><testcase classname="backend.tests.test_new_features.TestGearShop" name="test_gear_only_endpoint" time="0.040" /><testcase classname="backend.tests.test_new_features.TestGearShop" name="test_purchase_gear_and_duplicate" time="0.132" /><testcase classname="backend.tests.test_new_features.TestEquipTutorial" name="test_equip_owned_and_unowned" time="0.255" /><testcase classname="backend.tests.test_new_features.TestEquipTutorial" name="test_tutorial_done" time="0.135" /><testcase classname="backend.tests.test_new_features.TestBeltRanks" name="test_player_has_belt_fields" time="0.043" /><testcase classname="backend.tests.test_new_features.TestTutorialMatch" name="test_tutorial_match_start" time="0.044" /><testcase classname="backend.tests.test_new_features.TestMatchResultBonuses" name="test_tournament_prize_multiplied" time="0.214" /><testcase classname="backend.tests.test_new_features.TestMatchResultBonuses" name="test_golden_spoon_bonus" time="0.216" /><testcase classname="backend.tests.test_new_features.TestMatchResultBonuses" name="test_level_up_belt" time="0.425" /></testsuite></testsuites>