<?xml version="1.0" encoding="utf-8"?><testsuites name="pytest tests"><testsuite name="pytest" errors="0" failures="0" skipped="0" tests="16" time="2.695" timestamp="2026-06-15T01:54:18.903755+00:00" hostname="agent-env-38d418db-2483-443d-9e54-09388d05b5b3"><testcase classname="backend.tests.test_new_features.TestBiteMechanic" name="test_contests_have_bite_mechanic" time="0.513" /><testcase classname="backend.tests.test_new_features.TestBiteMechanic" name="test_specific_mechanic_mapping" time="0.044" /><testcase classname="backend.tests.test_new_features.TestTournament" name="test_tournament_shape" time="0.047" /><testcase classname="backend.tests.test_new_features.TestDaily" name="test_status_new_player" time="0.102" /><testcase classname="backend.tests.test_new_features.TestDaily" name="test_claim_grants_day1" time="0.137" /><testcase classname="backend.tests.test_new_features.TestDaily" name="test_claim_twice_same_day_fails" time="0.138" /><testcase classname="backend.tests.test_new_features.TestGearShop" name="test_shop_includes_gear" time="0.044" /><testcase classname="backend.tests.test_new_features.TestGearShop" name="test_gear_only_endpoint" time="0.044" /><testcase classname="backend.tests.test_new_features.TestGearShop" name="test_purchase_gear_and_duplicate" time="0.131" /><testcase classname="backend.tests.test_new_features.TestEquipTutorial" name="test_equip_owned_and_unowned" time="0.240" /><testcase classname="backend.tests.test_new_features.TestEquipTutorial" name="test_tutorial_done" time="0.137" /><testcase classname="backend.tests.test_new_features.TestBeltRanks" name="test_player_has_belt_fields" time="0.043" /><testcase classname="backend.tests.test_new_features.TestTutorialMatch" name="test_tutorial_match_start" time="0.042" /><testcase classname="backend.tests.test_new_features.TestMatchResultBonuses" name="test_tournament_prize_multiplied" time="0.178" /><testcase classname="backend.tests.test_new_features.TestMatchResultBonuses" name="test_golden_spoon_bonus" time="0.226" /><testcase classname="backend.tests.test_new_features.TestMatchResultBonuses" name="test_level_up_belt" time="0.440" /></testsuite></testsuites>